<?xml version="1.0" encoding="UTF-8"?>
<!-- Generated by org.testng.reporters.JUnitReportReporter -->
<testsuite hostname="Manraymans-MacBook-Air.local" failures="0" tests="1" name="Selenium.PracticeSelenium.LearningLocators" time="4.335" errors="0" timestamp="2023-08-03T17:40:04 IST" skipped="0">
  <testcase classname="Selenium.PracticeSelenium.LearningLocators" name="locatorspractice" time="4.335"/>
  <system-out/>
</testsuite> <!-- Selenium.PracticeSelenium.LearningLocators -->
